<?xml version="1.0" encoding="UTF-8"?>
<!-- Generated by org.testng.reporters.JUnitXMLReporter -->
<testsuite ignored="0" hostname="LAPTOP-P05SA00D" failures="0" tests="14" name="Test" time="113.869" errors="0" timestamp="2023-08-09T11:40:07 PDT">
  <testcase classname="com.mentoringtests.qa.TryThisTestingWebsiteDropDownmenu" name="dropDownmenu" time="6.561"/>
  <testcase classname="com.mentoringtests.qa.TurorialsNinjaLogin" name="loginWithvalidCredentials" time="6.03"/>
  <testcase classname="com.mentoringtests.qa.TurorialsNinjaLogin" name="loginWithvalidCredentials" time="5.981"/>
  <testcase classname="com.mentoringtests.qa.TurorialsNinjaLogin" name="loginWithvalidCredentials" time="6.745"/>
  <testcase classname="com.mentoringtests.qa.TurorialsNinjaLogin" name="loginWithvalidCredentials" time="10.872"/>
  <testcase classname="com.mentoringtests.qa.TurorialsNinjaLogin" name="loginWithvalidCredentials" time="5.292"/>
  <testcase classname="com.mentoringtests.qa.TurorialsNinjaLogin" name="loginWithvalidCredentials" time="6.395"/>
  <testcase classname="com.mentoringtests.qa.TurorialsNinjaLogin" name="loginWithvalidCredentials" time="5.97"/>
  <testcase classname="com.mentoringtests.qa.TurorialsNinjaLogin" name="loginWithvalidCredentials" time="6.067"/>
  <testcase classname="com.mentoringtests.qa.TurorialsNinjaLogin" name="loginWithvalidCredentials" time="5.889"/>
  <testcase classname="com.mentoringtests.qa.TurorialsNinjaLogin" name="loginWithvalidCredentials" time="6.185"/>
  <testcase classname="com.mentoringtests.qa.TurorialsNinjaLogin" name="loginWithvalidCredentials" time="5.852"/>
  <testcase classname="com.mentoringtests.qa.TurorialsNinjaLogin" name="loginWithvalidCredentials" time="9.23"/>
  <testcase classname="com.mentoringtests.qa.TutorilasNinjaSearchValidproduct" name="tnSearchWithvalidProduct" time="20.546"/>
</testsuite> <!-- Test -->
