<?xml version="1.0" encoding="UTF-8"?>
<!-- Generated by org.testng.reporters.JUnitXMLReporter -->
<testsuite ignored="0" hostname="LAPTOP-P05SA00D" failures="0" tests="14" name="Test" time="110.563" errors="0" timestamp="2023-08-09T11:47:14 PDT">
  <testcase classname="com.mentoringtests.qa.TryThisTestingWebsiteDropDownmenu" name="dropDownmenu" time="9.323"/>
  <testcase classname="com.mentoringtests.qa.TurorialsNinjaLogin" name="loginWithvalidCredentials" time="6.885"/>
  <testcase classname="com.mentoringtests.qa.TurorialsNinjaLogin" name="loginWithvalidCredentials" time="6.756"/>
  <testcase classname="com.mentoringtests.qa.TurorialsNinjaLogin" name="loginWithvalidCredentials" time="6.303"/>
  <testcase classname="com.mentoringtests.qa.TurorialsNinjaLogin" name="loginWithvalidCredentials" time="6.294"/>
  <testcase classname="com.mentoringtests.qa.TurorialsNinjaLogin" name="loginWithvalidCredentials" time="6.37"/>
  <testcase classname="com.mentoringtests.qa.TurorialsNinjaLogin" name="loginWithvalidCredentials" time="5.901"/>
  <testcase classname="com.mentoringtests.qa.TurorialsNinjaLogin" name="loginWithvalidCredentials" time="6.757"/>
  <testcase classname="com.mentoringtests.qa.TurorialsNinjaLogin" name="loginWithvalidCredentials" time="5.808"/>
  <testcase classname="com.mentoringtests.qa.TurorialsNinjaLogin" name="loginWithvalidCredentials" time="5.973"/>
  <testcase classname="com.mentoringtests.qa.TurorialsNinjaLogin" name="loginWithvalidCredentials" time="6.007"/>
  <testcase classname="com.mentoringtests.qa.TurorialsNinjaLogin" name="loginWithvalidCredentials" time="5.959"/>
  <testcase classname="com.mentoringtests.qa.TurorialsNinjaLogin" name="loginWithvalidCredentials" time="6.368"/>
  <testcase classname="com.mentoringtests.qa.TutorilasNinjaSearchValidproduct" name="tnSearchWithvalidProduct" time="20.154"/>
</testsuite> <!-- Test -->
